<?xml version="1.0" encoding="UTF-8"?>
<!-- Generated by org.testng.reporters.JUnitReportReporter -->
<testsuite hostname="DESKTOP-8EN528O" failures="0" tests="1" name="testcases.TC_001_LoginPage" time="9.505" errors="0" timestamp="2025-08-11T20:08:41 IST" skipped="0">
  <testcase classname="testcases.TC_001_LoginPage" name="createLead" time="9.505"/>
</testsuite> <!-- testcases.TC_001_LoginPage -->
